SF:lib/src/ui/app/viewModel/app_view_model.dart
DA:14,0
DA:15,0
DA:19,4
DA:21,3
DA:23,1
DA:24,1
DA:25,1
DA:26,1
DA:27,1
DA:28,1
DA:34,2
DA:35,2
DA:37,2
DA:38,2
DA:39,2
DA:40,2
DA:41,2
DA:42,2
DA:48,0
DA:49,0
DA:50,0
DA:51,0
DA:53,0
DA:54,0
DA:56,0
DA:57,0
DA:58,0
DA:59,0
DA:61,0
DA:62,0
LF:30
LH:16
end_of_record
SF:lib/main.dart
DA:14,0
DA:15,0
DA:17,0
DA:23,22
DA:25,0
DA:27,0
DA:28,0
DA:29,0
LF:8
LH:1
end_of_record
SF:lib/src/ui/auth/model/sign_up.dart
DA:9,0
DA:15,0
DA:16,0
DA:17,0
DA:18,0
LF:5
LH:0
end_of_record
SF:lib/src/ui/auth/page/email_login_page.dart
DA:7,23
DA:9,1
DA:11,1
DA:12,1
DA:13,1
DA:14,2
LF:6
LH:6
end_of_record
SF:lib/src/ui/auth/page/login_page.dart
DA:7,23
DA:9,1
DA:11,1
DA:12,2
LF:4
LH:4
end_of_record
SF:lib/src/core/theme/app_theme.dart
DA:3,0
LF:1
LH:0
end_of_record
SF:lib/src/core/utils/global_variable.dart
DA:4,2
DA:5,1
LF:2
LH:2
end_of_record
SF:lib/src/ui/auth/page/resister_complete_page.dart
DA:9,0
DA:11,0
DA:13,0
DA:14,0
LF:4
LH:0
end_of_record
SF:lib/src/ui/auth/view/email_login_view.dart
DA:12,22
DA:14,1
DA:16,1
DA:17,2
DA:18,1
DA:19,1
DA:21,3
DA:25,1
DA:26,1
DA:28,1
DA:30,1
DA:32,1
DA:38,1
DA:44,1
DA:50,1
DA:62,1
DA:69,1
DA:77,1
DA:85,1
LF:19
LH:19
end_of_record
SF:lib/src/ui/auth/view/resister_complete_view.dart
DA:8,22
DA:10,0
DA:12,0
DA:13,0
DA:14,0
DA:18,0
DA:19,0
DA:23,0
DA:24,0
DA:25,0
DA:26,0
DA:30,0
DA:37,0
DA:52,0
DA:53,0
DA:54,0
DA:55,0
DA:56,0
DA:57,0
DA:58,0
DA:59,0
DA:68,0
DA:70,0
DA:71,0
DA:72,0
DA:73,0
DA:74,0
DA:76,0
DA:77,0
DA:78,0
DA:88,0
DA:90,0
DA:91,0
DA:92,0
DA:93,0
DA:94,0
DA:96,0
DA:97,0
DA:98,0
DA:108,0
DA:112,0
DA:113,0
DA:114,0
DA:115,0
DA:116,0
DA:118,0
DA:119,0
DA:120,0
DA:130,0
DA:131,0
DA:133,0
LF:51
LH:1
end_of_record
SF:lib/src/core/providers/app/app_provider.dart
DA:16,22
DA:18,0
DA:20,0
DA:21,0
DA:23,0
DA:26,0
DA:27,0
DA:30,0
DA:31,0
DA:34,0
DA:36,0
LF:11
LH:1
end_of_record
SF:lib/src/core/extensions/date_format_extension.dart
DA:6,2
DA:7,4
LF:2
LH:2
end_of_record
SF:lib/src/core/extensions/login_validator.dart
DA:6,2
DA:7,2
DA:9,2
DA:10,2
DA:19,2
DA:20,2
DA:22,2
DA:24,2
DA:34,0
DA:35,0
DA:37,0
DA:46,1
DA:47,1
DA:49,2
LF:14
LH:11
end_of_record
SF:lib/src/core/extensions/refreginator_is_warning_extension.dart
DA:9,2
DA:10,2
DA:11,8
DA:12,6
DA:13,2
LF:5
LH:5
end_of_record
SF:lib/src/core/providers/common/client_provider.dart
DA:7,0
DA:8,0
DA:9,0
LF:3
LH:0
end_of_record
SF:lib/src/core/providers/ingredient/basic_ingredient_view_model_provider.dart
DA:5,0
DA:6,0
DA:7,0
DA:8,0
LF:4
LH:0
end_of_record
SF:lib/src/core/providers/ingredient/ingredient_repository_provider.dart
DA:8,0
DA:10,0
DA:11,0
DA:12,0
DA:13,0
DA:17,0
DA:18,0
DA:19,0
LF:8
LH:0
end_of_record
SF:lib/src/core/providers/ingredient/ingredient_view_model_provider.dart
DA:6,0
DA:7,0
DA:8,0
DA:9,0
LF:4
LH:0
end_of_record
SF:lib/src/core/providers/recipe/recipe_repository_provider.dart
DA:7,0
DA:8,0
DA:9,0
DA:10,0
DA:11,0
DA:13,0
DA:14,0
DA:15,0
LF:8
LH:0
end_of_record
SF:lib/src/core/providers/recipe/recipe_view_model_provider.dart
DA:5,0
DA:6,0
DA:7,0
LF:3
LH:0
end_of_record
SF:lib/src/data/ingredient/repository/ingredient_repository.dart
DA:8,1
DA:11,1
DA:13,4
DA:14,4
DA:18,1
DA:21,1
DA:22,2
DA:23,3
DA:27,0
DA:30,0
DA:31,0
DA:32,0
DA:36,0
DA:38,0
DA:42,0
DA:44,0
DA:45,0
DA:49,0
DA:51,0
DA:55,0
DA:57,0
LF:21
LH:8
end_of_record
SF:lib/src/ui/ingredient/viewModel/basic_ingredient_view_model.dart
DA:8,1
DA:9,1
DA:176,2
DA:180,1
DA:181,1
DA:182,4
DA:183,1
DA:189,1
DA:190,5
DA:196,1
DA:198,2
DA:199,3
DA:201,2
DA:202,0
DA:206,1
DA:208,1
DA:209,1
DA:211,0
DA:218,1
DA:220,3
DA:221,2
DA:225,1
DA:226,1
DA:227,1
DA:229,1
DA:230,1
DA:232,1
DA:233,1
DA:234,1
DA:241,1
DA:243,2
DA:245,0
DA:253,1
DA:255,2
DA:257,0
LF:35
LH:31
end_of_record
SF:lib/src/data/ingredient/datasource/remote_datasource.dart
DA:9,1
DA:14,1
DA:16,1
DA:17,4
DA:18,2
DA:19,2
DA:20,1
DA:21,3
DA:23,3
DA:31,1
DA:34,2
DA:35,3
DA:36,1
DA:37,1
DA:38,2
DA:39,2
DA:40,1
DA:41,3
DA:43,3
DA:51,1
DA:54,1
DA:55,1
DA:56,3
DA:57,1
DA:58,1
DA:60,2
DA:61,2
DA:62,1
DA:63,3
DA:65,3
DA:73,1
DA:75,1
DA:76,4
DA:77,2
DA:78,2
DA:81,0
DA:89,1
DA:91,1
DA:92,4
DA:93,2
DA:94,2
DA:95,1
DA:96,3
DA:98,3
DA:106,1
DA:108,2
DA:109,3
DA:110,1
DA:111,1
DA:112,2
DA:113,2
DA:116,3
DA:124,1
DA:126,2
DA:127,3
DA:128,1
DA:129,1
DA:130,2
DA:131,2
DA:134,3
LF:60
LH:59
end_of_record
SF:lib/src/ui/ingredient/viewModel/refreginator_ingredient_view_model.dart
DA:23,3
DA:24,3
DA:25,3
DA:31,3
DA:32,3
DA:33,3
DA:35,6
DA:38,6
DA:41,6
DA:44,3
DA:45,1
DA:47,1
DA:50,3
DA:60,0
DA:61,0
DA:63,0
DA:72,0
DA:74,1
DA:75,1
DA:83,2
DA:84,2
DA:85,8
DA:86,6
DA:87,2
DA:93,2
DA:94,2
DA:95,8
DA:96,6
DA:97,2
DA:102,2
DA:105,0
DA:108,0
DA:114,1
DA:116,1
DA:122,3
DA:123,1
DA:124,2
DA:126,1
DA:129,2
DA:130,0
DA:131,0
DA:134,2
DA:137,2
DA:139,1
DA:142,1
DA:143,0
DA:144,0
DA:148,1
DA:150,1
DA:155,3
DA:158,4
DA:159,3
DA:164,1
DA:166,1
DA:168,2
DA:169,0
DA:170,0
DA:174,2
DA:175,4
DA:176,3
DA:181,1
DA:182,1
DA:184,0
DA:191,0
DA:193,0
DA:194,0
DA:195,0
DA:196,0
DA:198,0
DA:199,0
DA:200,0
DA:210,1
DA:211,1
DA:212,1
DA:213,1
DA:214,1
DA:215,1
DA:216,2
DA:217,1
DA:220,1
DA:221,1
DA:222,2
DA:223,1
DA:229,1
DA:230,1
DA:232,1
DA:233,4
DA:235,1
DA:242,0
DA:243,0
DA:245,0
DA:246,0
DA:248,0
DA:252,1
DA:254,1
DA:255,3
DA:256,1
DA:262,1
DA:264,1
DA:265,3
DA:266,1
DA:274,1
DA:275,1
DA:276,1
DA:277,1
DA:282,0
DA:284,0
DA:285,0
LF:108
LH:79
end_of_record
SF:lib/src/data/recipe/datasource/remote_datasource.dart
DA:9,0
DA:14,0
DA:16,0
DA:17,0
DA:18,0
DA:19,0
DA:20,0
DA:21,0
DA:23,0
LF:9
LH:0
end_of_record
SF:lib/src/data/recipe/repository/recipe_respository.dart
DA:7,0
DA:9,0
DA:11,0
DA:12,0
LF:4
LH:0
end_of_record
SF:lib/src/ui/recipe/viewModel/recipe_view_model.dart
DA:9,0
DA:11,0
DA:12,0
DA:13,0
DA:16,0
DA:17,0
DA:18,0
DA:19,0
DA:20,0
DA:21,0
LF:10
LH:0
end_of_record
SF:lib/src/data/ingredient/entity/refreginator_ingredient.dart
DA:38,6
DA:45,2
DA:46,2
DA:51,2
DA:52,2
DA:53,2
DA:54,2
DA:55,2
DA:56,4
DA:57,4
DA:58,4
DA:67,4
DA:68,2
DA:69,2
DA:70,2
DA:71,4
DA:72,4
DA:73,4
DA:79,2
DA:86,2
DA:87,2
DA:88,1
DA:89,1
DA:90,1
DA:91,1
DA:92,1
DA:96,1
DA:97,1
DA:98,1
DA:99,1
DA:100,1
DA:101,1
DA:102,1
DA:103,1
LF:34
LH:34
end_of_record
SF:lib/src/data/ingredient/entity/ingredient_category.dart
DA:41,4
DA:42,8
DA:48,1
DA:49,2
DA:53,2
DA:54,1
DA:60,3
DA:62,12
LF:8
LH:8
end_of_record
SF:lib/src/data/recipe/model/recipe.dart
DA:5,0
DA:7,0
DA:8,0
DA:10,0
DA:17,0
DA:18,0
DA:19,0
DA:22,0
DA:35,0
DA:45,0
DA:46,0
DA:47,0
DA:49,0
DA:50,0
DA:51,0
DA:52,0
DA:53,0
DA:54,0
DA:55,0
DA:57,0
DA:58,0
DA:61,0
DA:62,0
DA:63,0
DA:64,0
DA:65,0
DA:66,0
DA:67,0
DA:68,0
DA:69,0
LF:30
LH:0
end_of_record
SF:lib/src/ui/app/page/app_page.dart
DA:7,45
DA:9,1
DA:11,1
DA:12,2
LF:4
LH:4
end_of_record
SF:lib/src/ui/app/view/app_view.dart
DA:11,22
DA:13,1
DA:15,1
DA:16,1
DA:17,1
DA:18,1
DA:22,3
DA:23,1
DA:25,1
DA:43,1
DA:44,2
DA:45,1
DA:48,1
DA:49,1
DA:55,1
DA:56,1
DA:58,2
DA:60,2
DA:62,1
DA:64,1
DA:65,1
DA:68,2
DA:70,1
DA:72,2
DA:74,2
DA:76,1
DA:78,2
DA:79,2
DA:84,3
DA:85,2
DA:86,1
DA:89,3
DA:90,1
DA:91,1
DA:92,1
DA:96,1
LF:36
LH:36
end_of_record
SF:lib/src/ui/challenge/view/challenge_view.dart
DA:9,22
DA:11,1
DA:12,1
DA:19,1
DA:21,1
DA:23,1
DA:24,1
DA:25,1
DA:26,1
DA:27,1
DA:29,1
DA:30,1
DA:31,1
DA:33,1
DA:34,1
DA:36,1
DA:38,3
DA:44,1
DA:45,1
DA:46,1
DA:54,1
DA:57,1
DA:59,1
DA:62,1
DA:63,1
DA:64,2
DA:67,3
DA:69,1
DA:72,1
DA:73,1
DA:80,1
DA:82,2
DA:83,1
DA:87,1
DA:88,1
DA:89,1
DA:92,1
DA:94,1
DA:96,1
DA:99,3
DA:101,3
DA:102,0
DA:104,0
DA:105,0
DA:109,3
DA:110,1
DA:121,1
DA:122,2
DA:123,1
DA:126,1
DA:127,1
DA:128,1
DA:129,1
DA:130,1
DA:131,1
DA:133,1
DA:136,1
DA:138,1
DA:139,1
DA:140,1
DA:141,0
DA:149,1
DA:156,1
DA:158,0
DA:162,1
LF:65
LH:60
end_of_record
SF:lib/src/ui/common/widgets/image_widget.dart
DA:6,6
DA:8,6
DA:10,6
DA:11,24
DA:12,6
DA:13,6
DA:20,0
DA:21,1
DA:22,1
DA:23,1
DA:25,1
DA:27,1
DA:29,1
DA:30,1
DA:31,1
DA:32,2
DA:33,2
DA:34,2
DA:35,2
DA:36,2
DA:37,1
DA:38,1
LF:22
LH:21
end_of_record
SF:lib/src/ui/ingredient/view/home_view.dart
DA:10,23
DA:12,2
DA:14,2
DA:15,2
DA:16,4
DA:17,0
DA:19,2
DA:20,2
DA:21,2
DA:22,2
DA:25,2
DA:26,2
DA:29,2
DA:31,2
DA:33,2
DA:35,2
DA:37,2
DA:43,4
DA:51,2
DA:52,2
DA:55,4
DA:56,2
DA:58,2
DA:59,2
DA:61,6
DA:72,2
DA:73,2
DA:76,2
DA:77,2
DA:78,2
DA:79,2
DA:87,2
DA:88,2
DA:91,2
DA:92,2
DA:93,2
DA:96,2
DA:101,0
DA:102,0
DA:103,0
DA:115,0
DA:136,4
DA:138,2
DA:140,2
DA:141,2
DA:142,2
DA:143,2
DA:144,2
DA:146,2
LF:49
LH:44
end_of_record
SF:lib/src/ui/recipe/view/recipe_view.dart
DA:11,22
DA:13,1
DA:14,1
DA:20,1
DA:22,1
DA:23,1
DA:26,1
DA:27,1
DA:28,1
DA:29,1
DA:30,1
DA:37,2
DA:38,5
DA:39,2
DA:40,1
DA:41,1
DA:42,1
DA:43,3
DA:44,3
DA:45,1
DA:46,2
DA:52,1
DA:54,3
DA:56,1
DA:58,1
DA:61,1
DA:62,1
DA:63,1
DA:64,1
DA:74,3
DA:75,1
DA:78,1
DA:79,1
DA:81,1
DA:82,1
DA:86,3
DA:94,3
DA:95,1
DA:97,1
DA:101,1
DA:103,3
DA:106,1
DA:107,1
DA:108,1
DA:109,1
DA:111,1
DA:113,1
DA:115,1
DA:117,1
DA:124,2
DA:128,2
DA:129,1
DA:131,1
DA:132,1
DA:134,1
DA:136,1
DA:138,1
DA:139,1
DA:141,3
DA:157,2
DA:159,1
DA:160,0
DA:168,3
DA:169,1
DA:171,1
DA:172,1
DA:174,1
DA:177,1
DA:178,1
DA:180,1
DA:182,1
DA:183,1
DA:185,1
DA:187,3
DA:202,1
DA:203,2
DA:204,1
DA:205,1
DA:206,2
DA:207,0
DA:208,0
DA:210,0
DA:211,0
DA:212,0
DA:214,0
DA:215,0
DA:217,0
DA:219,0
DA:221,0
DA:222,0
DA:223,0
DA:224,0
DA:226,0
DA:229,0
DA:231,0
DA:232,0
DA:233,0
DA:234,0
DA:235,0
DA:241,0
DA:242,0
DA:244,0
DA:245,0
DA:247,0
DA:248,0
DA:250,0
DA:254,0
DA:256,0
DA:257,0
DA:258,0
DA:262,0
DA:263,0
DA:264,0
DA:266,0
DA:268,0
DA:271,0
DA:273,0
DA:276,0
DA:277,0
DA:278,0
DA:280,0
DA:282,0
DA:285,0
DA:301,0
DA:305,0
DA:306,0
DA:309,0
DA:310,0
DA:313,0
DA:315,0
DA:316,0
DA:318,0
LF:132
LH:78
end_of_record
SF:lib/src/ui/user/view/mypage_view.dart
DA:5,22
DA:7,1
DA:9,1
DA:10,1
DA:11,1
DA:12,1
DA:13,1
DA:17,1
DA:26,2
DA:29,2
DA:30,1
DA:32,1
DA:33,1
DA:35,3
DA:43,1
LF:15
LH:15
end_of_record
SF:lib/src/ui/ingredient/view/ingredient_add_view.dart
DA:10,22
DA:12,0
DA:14,0
DA:16,0
DA:17,0
DA:18,0
DA:19,0
DA:20,0
DA:21,0
DA:22,0
DA:23,0
DA:24,0
DA:26,0
DA:27,0
DA:28,0
DA:39,0
DA:41,0
DA:43,0
DA:45,0
DA:47,0
DA:51,0
DA:53,0
DA:54,0
DA:60,0
DA:61,0
DA:63,0
DA:64,0
DA:65,0
DA:69,0
DA:75,0
DA:77,0
DA:79,0
DA:80,0
DA:81,0
DA:83,0
DA:86,0
DA:87,0
DA:88,0
DA:89,0
DA:90,0
DA:91,0
DA:100,0
DA:101,0
DA:102,0
DA:104,0
DA:105,0
DA:107,0
DA:111,0
DA:113,0
DA:116,0
DA:117,0
DA:119,0
DA:120,0
DA:121,0
DA:124,0
DA:125,0
DA:126,0
DA:131,0
DA:132,0
DA:133,0
DA:137,0
DA:142,0
DA:144,0
DA:145,0
DA:147,0
DA:148,0
DA:150,0
DA:151,0
DA:153,0
DA:157,0
DA:159,0
DA:160,0
DA:161,0
DA:162,0
DA:163,0
DA:164,0
DA:165,0
DA:166,0
DA:173,0
DA:174,0
DA:175,0
DA:180,0
DA:182,0
DA:183,0
DA:185,0
DA:194,0
DA:196,0
DA:197,0
DA:198,0
DA:199,0
DA:201,0
DA:202,0
DA:203,0
DA:205,0
DA:207,0
DA:208,0
DA:209,0
DA:211,0
DA:212,0
DA:213,0
DA:215,0
DA:225,0
DA:227,0
DA:228,0
DA:229,0
DA:230,0
DA:232,0
DA:233,0
DA:234,0
DA:235,0
DA:236,0
DA:243,0
DA:245,0
DA:246,0
DA:269,0
DA:271,0
DA:273,0
DA:274,0
DA:275,0
DA:278,0
DA:293,0
DA:295,0
DA:296,0
DA:298,0
DA:299,0
DA:300,0
LF:126
LH:1
end_of_record
SF:lib/src/ui/recipe/view/recipe_ register_view.dart
DA:8,23
DA:10,1
DA:11,1
DA:16,3
DA:19,1
DA:21,1
DA:22,1
DA:24,4
DA:25,3
DA:26,1
DA:27,2
DA:31,1
DA:33,3
DA:36,1
DA:37,2
DA:38,1
DA:40,1
DA:42,1
DA:43,1
DA:52,3
DA:57,1
DA:58,1
DA:59,1
DA:65,1
DA:69,1
DA:74,2
DA:77,0
LF:27
LH:26
end_of_record
SF:lib/src/ui/auth/viewModel/email_login_view_model.dart
DA:11,4
DA:16,4
DA:21,4
DA:26,4
DA:32,1
DA:33,1
DA:34,1
DA:35,1
DA:42,1
DA:43,1
DA:44,1
DA:45,1
DA:53,0
DA:56,0
DA:57,0
DA:58,0
DA:59,0
DA:61,0
LF:18
LH:12
end_of_record
SF:lib/src/ui/auth/view/login_view.dart
DA:8,22
DA:10,1
DA:12,1
DA:14,1
DA:15,1
DA:17,1
DA:19,1
DA:24,1
DA:29,1
DA:37,1
DA:44,1
DA:48,2
DA:50,2
DA:51,3
DA:52,1
DA:54,1
DA:55,1
DA:56,1
DA:59,2
DA:60,1
LF:20
LH:20
end_of_record
SF:lib/src/ui/auth/viewModel/login_view_model.dart
DA:15,0
DA:17,0
DA:18,0
DA:19,0
DA:20,0
DA:22,0
DA:23,0
DA:25,0
DA:28,1
DA:29,1
DA:30,1
DA:33,1
DA:34,3
DA:35,2
DA:37,4
LF:15
LH:7
end_of_record
SF:lib/src/ui/auth/viewModel/resister_complete_view_model.dart
DA:10,0
DA:13,0
DA:16,0
DA:19,0
DA:21,0
DA:27,0
DA:28,0
DA:29,0
DA:30,0
DA:31,0
DA:32,0
DA:35,0
DA:36,0
DA:37,0
DA:38,0
DA:41,0
DA:42,0
DA:43,0
DA:46,0
DA:47,0
DA:48,0
DA:51,0
DA:52,0
DA:53,0
DA:56,0
DA:57,0
DA:61,0
DA:62,0
DA:63,0
DA:65,0
LF:30
LH:0
end_of_record
SF:lib/src/ui/auth/page/resister_page.dart
DA:7,22
DA:9,1
DA:11,1
DA:12,2
LF:4
LH:4
end_of_record
SF:lib/src/ui/auth/view/resister_view.dart
DA:10,22
DA:12,1
DA:14,1
DA:15,2
DA:16,1
DA:18,1
DA:19,3
DA:23,1
DA:24,1
DA:25,1
DA:28,1
DA:30,1
DA:35,1
DA:40,1
DA:49,1
DA:51,1
DA:53,3
DA:54,1
DA:55,2
LF:19
LH:19
end_of_record
SF:lib/src/ui/auth/viewModel/resister_view_model.dart
DA:16,0
DA:20,2
DA:27,0
DA:31,2
DA:38,0
DA:42,2
DA:50,0
DA:54,2
DA:56,0
DA:57,0
DA:58,0
DA:59,0
DA:62,0
DA:63,0
DA:64,0
DA:65,0
DA:68,0
DA:69,0
DA:70,0
DA:71,0
DA:74,0
DA:75,0
DA:76,0
DA:77,0
DA:78,0
DA:81,0
DA:82,0
DA:83,0
DA:86,0
DA:88,0
DA:90,0
DA:92,0
DA:94,0
DA:98,0
DA:100,0
DA:102,0
DA:104,0
DA:107,0
DA:108,0
DA:109,0
DA:110,0
DA:112,0
DA:113,0
DA:114,0
DA:115,0
LF:45
LH:4
end_of_record
SF:lib/src/ui/auth/view/email_login_logo_view.dart
DA:8,22
DA:10,1
DA:12,1
DA:13,1
DA:14,1
DA:15,2
LF:6
LH:6
end_of_record
SF:lib/src/ui/auth/view/login_text_field_view.dart
DA:11,23
DA:13,2
DA:15,4
DA:16,2
DA:18,2
DA:20,2
DA:22,2
DA:25,2
DA:28,2
DA:29,2
DA:41,2
DA:43,2
DA:46,2
DA:50,2
DA:51,2
LF:15
LH:15
end_of_record
SF:lib/src/ui/auth/view/next_button_view.dart
DA:10,22
DA:12,1
DA:14,1
DA:15,2
LF:4
LH:4
end_of_record
SF:lib/src/ui/auth/view/option_view.dart
DA:6,22
DA:8,1
DA:10,1
DA:11,1
DA:12,1
DA:15,1
DA:17,1
DA:19,0
DA:20,1
DA:22,2
LF:10
LH:9
end_of_record
SF:lib/src/ui/auth/view/login_button_view.dart
DA:9,22
DA:11,1
DA:13,1
DA:14,1
DA:16,1
DA:22,1
DA:28,1
DA:34,1
DA:42,3
DA:43,1
DA:44,0
DA:45,0
DA:46,1
DA:58,3
DA:59,1
DA:60,0
DA:61,1
DA:73,3
DA:74,1
DA:75,0
DA:76,1
DA:89,3
DA:90,1
DA:91,1
DA:92,0
DA:93,1
DA:95,2
DA:96,2
DA:104,1
DA:105,1
DA:106,1
DA:107,1
LF:32
LH:27
end_of_record
SF:lib/src/ui/auth/widget/login_button.dart
DA:35,1
DA:43,1
DA:45,1
DA:49,1
DA:50,1
DA:54,1
DA:55,2
DA:56,1
DA:58,1
DA:60,1
DA:63,1
DA:68,2
DA:76,2
DA:79,1
DA:80,1
DA:85,2
DA:86,1
DA:87,1
LF:18
LH:18
end_of_record
SF:lib/src/ui/auth/view/login_logo_view.dart
DA:6,22
DA:8,1
DA:10,1
DA:14,1
DA:19,1
DA:21,3
DA:29,1
LF:7
LH:7
end_of_record
SF:lib/src/ui/common/widgets/app_logo.dart
DA:7,44
DA:9,1
DA:11,1
DA:12,1
DA:13,1
LF:5
LH:5
end_of_record
SF:lib/src/ui/auth/widget/login_text_field.dart
DA:17,3
DA:26,3
DA:28,3
DA:29,3
DA:30,3
DA:31,3
DA:34,3
DA:35,3
DA:36,3
DA:37,9
DA:42,3
DA:44,3
DA:45,3
DA:47,3
DA:48,3
DA:49,6
LF:16
LH:16
end_of_record
SF:lib/src/ui/auth/widget/next_button.dart
DA:6,3
DA:8,3
DA:10,3
DA:11,3
DA:12,3
DA:13,3
DA:17,3
DA:18,3
DA:19,6
DA:20,12
LF:10
LH:10
end_of_record
SF:lib/src/ui/auth/view/resisiter_logo_view.dart
DA:5,22
DA:7,1
LF:2
LH:2
end_of_record
SF:lib/src/ui/auth/widget/text_logo_widget.dart
DA:5,22
DA:7,1
DA:9,1
DA:10,1
DA:11,1
DA:12,2
LF:6
LH:6
end_of_record
SF:lib/src/ui/auth/view/resister_complete_header_view.dart
DA:5,22
DA:7,0
DA:9,0
DA:12,0
DA:13,0
DA:17,0
DA:21,0
DA:25,0
DA:31,0
DA:40,0
LF:10
LH:1
end_of_record
SF:lib/src/ui/auth/view/resister_textfield_view.dart
DA:10,22
DA:12,1
DA:14,1
DA:15,1
DA:17,1
DA:19,1
DA:21,1
DA:23,1
DA:31,1
DA:32,2
DA:33,1
DA:35,1
DA:36,1
DA:39,1
DA:40,1
DA:44,1
DA:51,1
DA:52,1
DA:66,1
DA:67,2
DA:68,1
DA:70,1
DA:71,1
DA:73,1
DA:75,1
DA:76,1
DA:90,1
DA:91,2
DA:92,1
DA:94,1
DA:95,1
DA:98,1
DA:100,1
DA:101,1
DA:115,1
DA:116,2
DA:117,1
DA:119,1
DA:120,1
DA:123,1
DA:125,1
DA:126,1
LF:42
LH:42
end_of_record
SF:lib/src/ui/auth/widget/auth_button.dart
DA:6,22
DA:8,1
DA:10,1
DA:11,1
DA:15,1
DA:16,2
DA:17,1
DA:19,4
LF:8
LH:8
end_of_record
SF:lib/src/ui/common/widgets/svg_image_widget.dart
DA:6,1
DA:8,1
DA:10,3
LF:3
LH:3
end_of_record
SF:lib/src/ui/challenge/widget/challenge_list.dart
DA:10,23
DA:12,2
DA:15,2
DA:16,2
DA:17,2
DA:18,2
DA:20,2
DA:22,2
DA:24,6
DA:29,2
DA:33,2
DA:34,0
DA:35,0
DA:36,0
DA:37,0
DA:38,0
DA:45,2
DA:49,2
DA:50,0
DA:51,0
DA:52,0
DA:53,0
DA:54,0
DA:60,2
DA:64,2
DA:65,0
DA:66,0
DA:67,0
DA:68,0
DA:69,0
DA:76,2
DA:80,2
DA:81,0
DA:82,0
DA:83,0
DA:84,0
DA:85,0
DA:91,2
DA:95,2
DA:96,0
DA:97,0
DA:98,0
DA:99,0
DA:100,0
LF:44
LH:19
end_of_record
SF:lib/src/ui/challenge/widget/challenge_storage_box.dart
DA:11,22
DA:13,0
DA:14,0
DA:18,0
DA:20,0
DA:21,0
DA:22,0
DA:23,0
DA:24,0
DA:29,0
DA:32,0
DA:34,0
LF:12
LH:1
end_of_record
SF:lib/src/ui/challenge/widget/challenge_calendar.dart
DA:9,22
DA:11,0
DA:13,0
DA:14,0
DA:15,0
DA:16,0
DA:19,0
DA:22,0
DA:30,0
DA:32,0
DA:33,0
DA:34,0
DA:36,0
DA:38,0
DA:40,0
DA:45,0
DA:48,0
DA:49,0
DA:50,0
DA:52,0
DA:54,0
DA:55,0
DA:57,0
DA:59,0
DA:62,0
DA:71,0
DA:72,0
DA:73,0
DA:74,0
DA:84,0
DA:85,0
DA:86,0
DA:87,0
DA:91,0
DA:92,0
DA:96,0
DA:97,0
DA:99,0
DA:101,0
DA:102,0
DA:104,0
DA:105,0
DA:106,0
DA:107,0
DA:108,0
DA:109,0
DA:110,0
DA:111,0
DA:114,0
DA:116,0
DA:123,0
DA:124,0
LF:52
LH:1
end_of_record
SF:lib/src/ui/challenge/widget/challenge_check_list.dart
DA:8,22
DA:10,0
DA:12,0
DA:14,0
DA:15,0
DA:16,0
DA:18,0
DA:21,0
DA:22,0
DA:24,0
DA:26,0
DA:29,0
DA:32,0
DA:33,0
DA:34,0
DA:37,0
DA:38,0
DA:41,0
DA:42,0
DA:43,0
DA:45,0
DA:47,0
DA:48,0
DA:50,0
DA:52,0
DA:55,0
DA:57,0
DA:60,0
DA:62,0
DA:65,0
DA:67,0
LF:31
LH:1
end_of_record
SF:lib/src/ui/challenge/widget/challenge_card_scroll.dart
DA:9,22
DA:11,0
DA:12,0
DA:71,0
DA:73,0
DA:74,0
DA:75,0
DA:76,0
DA:81,0
DA:83,0
DA:84,0
DA:85,0
DA:87,0
DA:93,0
DA:95,0
DA:99,0
DA:102,0
DA:103,0
DA:105,0
DA:106,0
DA:109,0
DA:111,0
DA:113,0
DA:124,0
DA:125,0
DA:126,0
DA:127,0
DA:128,0
LF:28
LH:1
end_of_record
SF:lib/src/ui/challenge/widget/challenge_reward_card.dart
DA:16,0
DA:27,0
DA:29,0
DA:30,0
DA:31,0
DA:32,0
DA:37,0
DA:38,0
DA:40,0
DA:41,0
DA:47,0
DA:48,0
DA:50,0
DA:53,0
DA:54,0
DA:55,0
DA:56,0
DA:57,0
DA:59,0
DA:60,0
DA:66,0
DA:70,0
DA:72,0
DA:73,0
DA:76,0
DA:78,0
DA:85,0
DA:88,0
DA:89,0
DA:90,0
DA:91,0
DA:92,0
DA:94,0
DA:95,0
DA:96,0
DA:97,0
DA:98,0
DA:101,0
DA:103,0
DA:104,0
DA:105,0
DA:108,0
DA:121,0
DA:122,0
DA:124,0
DA:125,0
DA:131,0
DA:133,0
DA:134,0
DA:135,0
DA:137,0
DA:138,0
DA:139,0
DA:142,0
DA:143,0
DA:144,0
DA:154,0
DA:155,0
LF:58
LH:0
end_of_record
SF:lib/src/ui/challenge/widget/stack_container.dart
DA:11,0
DA:18,0
DA:20,0
DA:22,0
DA:23,0
DA:24,0
DA:25,0
DA:26,0
DA:29,0
DA:30,0
DA:33,0
DA:35,0
DA:36,0
DA:37,0
LF:14
LH:0
end_of_record
SF:lib/src/ui/challenge/widget/challenge_detail_view.dart
DA:11,0
DA:16,0
DA:18,0
DA:20,0
DA:21,0
DA:22,0
DA:23,0
DA:24,0
DA:25,0
DA:26,0
DA:27,0
DA:28,0
DA:36,0
DA:37,0
DA:38,0
DA:39,0
DA:40,0
DA:41,0
DA:42,0
DA:44,0
DA:46,0
DA:54,0
DA:55,0
DA:63,0
DA:64,0
DA:65,0
DA:67,0
DA:68,0
DA:70,0
DA:71,0
DA:72,0
DA:74,0
DA:76,0
DA:78,0
DA:82,0
DA:84,0
DA:86,0
DA:88,0
DA:89,0
DA:91,0
DA:93,0
DA:96,0
DA:98,0
DA:114,0
DA:115,0
DA:116,0
DA:118,0
DA:119,0
DA:121,0
DA:122,0
DA:123,0
DA:125,0
DA:127,0
DA:128,0
DA:130,0
DA:132,0
DA:135,0
DA:137,0
DA:139,0
DA:142,0
DA:145,0
DA:146,0
DA:147,0
DA:150,0
DA:151,0
DA:152,0
DA:155,0
DA:159,0
DA:162,0
DA:178,0
DA:179,0
DA:180,0
DA:185,0
DA:186,0
DA:188,0
DA:189,0
DA:190,0
DA:192,0
DA:194,0
DA:195,0
DA:197,0
DA:199,0
DA:203,0
DA:213,0
DA:214,0
DA:216,0
DA:228,0
DA:229,0
DA:230,0
DA:231,0
DA:232,0
DA:233,0
DA:235,0
DA:237,0
DA:239,0
DA:243,0
DA:245,0
DA:247,0
DA:257,0
LF:99
LH:0
end_of_record
SF:lib/src/ui/ingredient/widget/single_button.dart
DA:6,2
DA:8,2
DA:10,2
DA:12,2
DA:14,2
DA:15,10
DA:16,6
DA:17,2
DA:18,2
DA:19,2
DA:20,2
DA:21,2
DA:22,6
LF:13
LH:13
end_of_record
SF:lib/src/ui/challenge/widget/challenge_row.dart
DA:16,2
DA:25,2
DA:27,2
DA:29,2
DA:30,2
DA:32,2
DA:34,2
DA:36,2
DA:37,2
DA:39,2
DA:42,2
DA:43,6
DA:44,2
DA:46,2
DA:47,2
DA:50,4
DA:54,2
DA:55,2
DA:57,2
DA:58,2
DA:61,2
DA:62,2
DA:63,2
DA:64,2
DA:66,2
DA:67,2
DA:68,6
DA:69,2
DA:70,2
DA:73,2
DA:75,6
DA:79,2
DA:80,4
DA:81,6
DA:83,2
DA:85,2
DA:86,2
DA:87,2
DA:89,2
DA:90,2
DA:91,2
DA:103,2
DA:105,4
DA:106,6
LF:44
LH:44
end_of_record
SF:lib/src/ui/challenge/widget/challenge_ranking.dart
DA:4,22
DA:6,0
DA:8,0
DA:10,0
DA:11,0
DA:12,0
DA:13,0
DA:14,0
DA:21,0
DA:22,0
DA:24,0
DA:26,0
DA:27,0
DA:29,0
DA:30,0
DA:32,0
DA:34,0
DA:35,0
DA:36,0
DA:38,0
DA:48,0
DA:49,0
DA:52,0
DA:53,0
DA:55,0
DA:57,0
DA:59,0
DA:61,0
DA:63,0
DA:69,0
DA:70,0
DA:72,0
DA:73,0
DA:75,0
DA:76,0
DA:77,0
DA:79,0
DA:81,0
DA:82,0
DA:83,0
DA:84,0
DA:85,0
DA:86,0
DA:88,0
DA:90,0
DA:101,0
DA:102,0
DA:104,0
DA:105,0
DA:107,0
DA:108,0
DA:110,0
DA:115,0
DA:117,0
DA:125,0
DA:126,0
DA:127,0
DA:129,0
DA:131,0
DA:132,0
DA:133,0
DA:135,0
DA:138,0
DA:143,0
DA:145,0
DA:147,0
DA:149,0
LF:67
LH:1
end_of_record
SF:lib/src/ui/common/widgets/basic_bottom_sheet.dart
DA:7,2
DA:9,2
DA:11,2
DA:12,2
DA:13,2
DA:14,6
DA:17,2
LF:7
LH:7
end_of_record
SF:lib/src/ui/common/widgets/date_picker_widget.dart
DA:7,0
DA:8,0
DA:10,0
DA:12,0
DA:13,0
DA:16,0
DA:17,0
DA:21,0
DA:22,0
DA:23,0
DA:25,0
DA:26,0
DA:28,0
DA:33,0
DA:34,0
DA:38,0
DA:39,0
DA:40,0
DA:42,0
DA:44,0
DA:45,0
DA:46,0
DA:47,0
DA:49,0
DA:50,0
DA:52,0
DA:53,0
DA:54,0
DA:56,0
DA:57,0
DA:59,0
DA:60,0
DA:61,0
LF:33
LH:0
end_of_record
SF:lib/src/ui/common/widgets/delete_dialog.dart
DA:6,0
DA:8,0
DA:10,0
DA:11,0
DA:12,0
DA:13,0
DA:15,0
DA:18,0
DA:19,0
DA:23,0
DA:25,0
DA:27,0
DA:28,0
DA:30,0
DA:33,0
DA:34,0
DA:35,0
DA:37,0
DA:38,0
DA:39,0
DA:41,0
DA:46,0
DA:49,0
DA:50,0
DA:51,0
DA:53,0
DA:54,0
DA:55,0
DA:56,0
DA:58,0
DA:60,0
LF:31
LH:0
end_of_record
SF:lib/src/ui/common/widgets/ingredient_tile.dart
DA:8,0
DA:14,0
DA:16,0
DA:17,0
DA:19,0
DA:20,0
DA:22,0
DA:24,0
DA:26,0
DA:27,0
DA:29,0
DA:30,0
DA:31,0
DA:34,0
DA:35,0
DA:38,0
DA:41,0
DA:42,0
DA:43,0
DA:44,0
DA:46,0
DA:48,0
DA:51,0
LF:23
LH:0
end_of_record
SF:lib/src/ui/ingredient/model/basic_ingredient.dart
DA:27,3
DA:37,2
DA:41,2
DA:42,2
DA:43,0
DA:44,2
DA:45,2
LF:7
LH:6
end_of_record
SF:lib/src/ui/ingredient/widget/ingredient_image.dart
DA:11,3
DA:19,1
DA:25,1
DA:34,3
DA:36,3
DA:39,6
DA:41,3
DA:42,7
DA:43,5
DA:47,2
DA:49,1
DA:50,1
DA:51,1
DA:52,3
DA:54,1
DA:55,1
DA:57,1
DA:58,1
DA:59,3
DA:65,6
DA:66,3
DA:67,3
DA:70,2
LF:23
LH:23
end_of_record
SF:lib/src/ui/common/widgets/loading_progress_indicator.dart
DA:13,22
DA:19,0
DA:21,0
DA:29,0
DA:31,0
DA:33,0
DA:34,0
DA:37,0
DA:39,0
DA:40,0
DA:43,0
DA:45,0
DA:46,0
DA:47,0
DA:48,0
DA:49,0
DA:59,0
DA:60,0
DA:62,0
DA:63,0
DA:64,0
DA:65,0
DA:66,0
DA:68,0
DA:70,0
DA:73,0
DA:74,0
DA:75,0
DA:76,0
DA:79,0
DA:80,0
DA:81,0
DA:84,0
DA:85,0
DA:86,0
DA:88,0
DA:91,0
DA:94,0
DA:95,0
DA:98,0
LF:40
LH:1
end_of_record
SF:lib/src/ui/common/widgets/scroll_date_dialog.dart
DA:8,1
DA:15,1
DA:16,1
DA:33,1
DA:34,3
DA:37,1
DA:38,2
DA:39,4
DA:40,3
DA:41,0
DA:42,0
DA:47,1
DA:48,4
DA:50,1
DA:51,1
DA:52,4
DA:54,1
DA:55,4
DA:59,1
DA:60,3
DA:63,1
DA:65,3
DA:66,1
DA:67,5
DA:68,5
DA:71,1
DA:73,1
DA:75,1
DA:76,1
DA:77,1
DA:78,1
DA:79,1
DA:85,1
DA:86,1
DA:88,1
DA:89,1
DA:91,1
DA:93,1
DA:94,1
DA:95,4
DA:96,4
DA:99,1
DA:100,1
DA:103,1
DA:104,2
DA:105,1
DA:107,1
DA:109,1
DA:111,1
DA:112,4
DA:113,5
DA:119,1
DA:121,1
DA:123,1
DA:124,1
DA:125,4
DA:126,4
DA:129,1
DA:130,1
DA:133,1
DA:134,2
DA:135,1
DA:137,1
DA:139,1
DA:141,1
DA:142,4
DA:143,5
DA:153,1
DA:154,1
DA:156,1
DA:157,1
DA:158,1
DA:159,1
DA:161,4
DA:164,1
DA:165,1
DA:166,1
DA:167,1
DA:168,1
DA:176,1
DA:177,1
DA:179,1
DA:181,1
DA:184,2
DA:186,1
DA:187,2
DA:188,1
DA:189,2
DA:190,1
DA:191,1
DA:194,1
DA:196,1
DA:197,2
DA:198,1
DA:201,1
DA:202,2
DA:204,4
DA:205,4
DA:215,1
DA:216,1
DA:218,1
DA:220,1
DA:223,2
DA:225,1
DA:226,2
DA:227,1
DA:228,2
DA:229,1
DA:230,1
DA:233,1
DA:235,1
DA:236,2
DA:237,1
DA:240,1
DA:241,2
DA:243,4
DA:244,4
DA:254,1
DA:255,1
DA:257,1
DA:259,1
DA:262,2
DA:264,1
DA:265,2
DA:266,1
DA:267,2
DA:268,1
DA:271,1
DA:272,1
DA:273,1
DA:274,2
DA:275,1
DA:278,1
DA:279,2
DA:281,4
DA:282,4
DA:292,1
DA:293,1
DA:296,1
DA:297,1
DA:299,2
DA:300,1
DA:302,4
DA:305,1
DA:307,1
DA:308,1
DA:309,0
DA:310,0
DA:312,3
DA:313,4
DA:315,3
DA:317,1
DA:319,4
LF:153
LH:149
end_of_record
SF:lib/src/ui/ingredient/widget/ingredient_filter_check_box.dart
DA:10,3
DA:16,3
DA:18,3
DA:24,3
DA:25,2
DA:28,3
DA:30,9
DA:31,3
DA:34,3
DA:36,6
DA:37,3
DA:38,3
DA:39,6
DA:40,9
DA:46,6
DA:48,3
DA:50,1
DA:51,5
DA:52,1
DA:54,3
DA:57,7
DA:63,3
DA:64,1
DA:66,1
DA:67,1
DA:68,3
DA:78,6
DA:80,3
DA:81,3
DA:82,3
LF:30
LH:30
end_of_record
SF:lib/src/ui/ingredient/widget/refreginator_container.dart
DA:13,4
DA:20,3
DA:21,3
DA:32,0
DA:33,0
DA:34,0
DA:35,0
DA:39,0
DA:40,0
DA:41,0
DA:48,3
DA:49,10
DA:50,9
DA:53,3
DA:56,8
DA:58,2
DA:59,10
DA:62,4
DA:63,2
DA:64,2
DA:65,8
DA:69,8
DA:70,10
DA:76,3
DA:78,12
DA:79,27
DA:80,6
DA:81,9
DA:82,3
DA:85,1
DA:87,1
DA:88,4
DA:92,6
DA:93,2
DA:95,9
DA:96,3
DA:98,4
DA:101,3
DA:103,6
DA:104,6
DA:105,3
DA:108,3
DA:111,21
DA:112,3
DA:113,3
DA:115,3
DA:116,3
DA:117,9
DA:118,3
DA:119,3
DA:120,3
DA:121,14
DA:122,3
DA:128,4
DA:130,2
DA:132,2
DA:133,2
DA:134,2
DA:135,4
DA:136,4
DA:139,2
DA:142,2
DA:143,4
DA:144,2
DA:145,6
DA:146,2
DA:157,3
DA:159,3
DA:170,12
DA:171,3
DA:173,3
DA:175,3
DA:177,12
DA:184,4
DA:197,4
DA:199,2
DA:200,2
DA:202,2
DA:204,8
DA:207,2
DA:209,2
DA:211,2
DA:216,4
DA:217,0
DA:218,0
DA:222,0
DA:223,0
DA:227,2
DA:229,6
DA:230,2
DA:233,0
DA:235,0
DA:239,2
DA:240,2
DA:242,2
DA:243,2
DA:244,2
DA:246,2
DA:260,3
DA:261,3
DA:263,3
DA:265,3
DA:267,3
DA:268,9
DA:269,12
DA:275,6
DA:277,6
DA:278,2
DA:280,2
DA:281,2
DA:282,2
DA:284,3
DA:293,0
DA:296,0
DA:298,0
DA:305,0
DA:307,0
DA:310,0
DA:311,0
DA:312,0
DA:314,0
DA:315,0
DA:319,0
DA:322,0
DA:323,0
DA:324,0
DA:325,0
DA:326,0
DA:327,0
DA:329,0
DA:330,0
DA:332,0
DA:333,0
DA:334,0
DA:338,0
DA:340,0
DA:341,0
DA:344,0
DA:346,0
DA:347,0
DA:348,0
DA:350,0
DA:351,0
DA:352,0
DA:353,0
DA:355,0
DA:356,0
DA:357,0
DA:359,0
DA:360,0
DA:361,0
DA:362,0
DA:379,2
DA:381,2
DA:383,2
DA:384,2
DA:385,2
DA:387,2
DA:388,6
DA:389,4
DA:390,4
DA:392,2
DA:393,4
DA:394,6
LF:164
LH:111
end_of_record
SF:lib/src/ui/ingredient/view/select_ingredient_image.dart
DA:15,0
DA:18,0
DA:19,0
DA:29,0
DA:32,0
DA:34,0
DA:38,0
DA:39,0
DA:42,0
DA:43,0
DA:44,0
DA:47,0
DA:50,0
DA:55,0
DA:57,0
DA:58,0
DA:61,0
DA:62,0
DA:65,0
DA:68,0
DA:70,0
DA:71,0
DA:72,0
DA:78,0
DA:79,0
DA:82,0
DA:84,0
DA:89,0
DA:94,0
DA:95,0
DA:99,0
DA:100,0
DA:103,0
DA:105,0
DA:106,0
DA:107,0
DA:109,0
DA:111,0
DA:117,0
DA:119,0
DA:120,0
DA:121,0
DA:122,0
DA:123,0
DA:124,0
DA:127,0
DA:128,0
DA:129,0
DA:131,0
DA:132,0
DA:133,0
DA:135,0
DA:136,0
DA:137,0
DA:146,0
DA:147,0
DA:153,1
DA:154,1
LF:58
LH:2
end_of_record
SF:lib/src/ui/ingredient/view/ingredient_edit_view.dart
DA:12,0
DA:14,0
DA:15,0
DA:21,0
DA:23,0
DA:24,0
DA:25,0
DA:28,0
DA:30,0
DA:31,0
DA:32,0
DA:33,0
DA:34,0
DA:35,0
DA:36,0
DA:37,0
DA:46,0
DA:48,0
DA:50,0
DA:52,0
DA:54,0
DA:55,0
DA:56,0
DA:57,0
DA:58,0
DA:59,0
DA:61,0
DA:62,0
DA:70,0
DA:71,0
DA:73,0
DA:74,0
DA:75,0
DA:79,0
DA:84,0
DA:86,0
DA:88,0
DA:89,0
DA:91,0
DA:93,0
DA:94,0
DA:95,0
DA:96,0
DA:97,0
DA:98,0
DA:106,0
DA:107,0
DA:108,0
DA:110,0
DA:112,0
DA:115,0
DA:117,0
DA:120,0
DA:121,0
DA:123,0
DA:124,0
DA:128,0
DA:129,0
DA:130,0
DA:134,0
DA:138,0
DA:140,0
DA:141,0
DA:143,0
DA:144,0
DA:146,0
DA:148,0
DA:151,0
DA:153,0
DA:154,0
DA:155,0
DA:156,0
DA:157,0
DA:158,0
DA:159,0
DA:160,0
DA:167,0
DA:169,0
DA:171,0
DA:176,0
DA:178,0
DA:180,0
DA:188,0
DA:190,0
DA:191,0
DA:192,0
DA:193,0
DA:195,0
DA:196,0
DA:197,0
DA:199,0
DA:201,0
DA:202,0
DA:203,0
DA:205,0
DA:206,0
DA:207,0
DA:209,0
DA:219,0
DA:221,0
DA:222,0
DA:223,0
DA:224,0
DA:226,0
DA:227,0
DA:228,0
DA:229,0
DA:230,0
DA:237,0
DA:239,0
DA:240,0
DA:245,0
DA:247,0
DA:249,0
DA:251,0
DA:264,0
DA:266,0
DA:268,0
LF:118
LH:0
end_of_record
SF:lib/src/ui/ingredient/view/ingredient_grid_view.dart
DA:15,0
DA:18,0
DA:20,0
DA:22,0
DA:23,0
DA:24,0
DA:25,0
DA:27,0
DA:29,0
DA:35,0
DA:36,0
DA:37,0
DA:42,0
DA:43,0
DA:46,0
DA:48,0
DA:49,0
DA:50,0
DA:57,0
DA:61,0
LF:20
LH:0
end_of_record
SF:lib/src/ui/ingredient/widget/ingredient_add_bottom_sheet.dart
DA:9,22
DA:11,0
DA:13,0
DA:15,0
DA:17,0
DA:18,0
DA:21,0
DA:22,0
DA:23,0
DA:24,0
DA:25,0
DA:26,0
DA:27,0
DA:28,0
DA:29,0
DA:30,0
DA:39,0
DA:40,0
DA:41,0
DA:42,0
DA:47,0
DA:48,0
DA:50,0
DA:51,0
DA:52,0
DA:53,0
DA:58,0
DA:59,0
DA:61,0
DA:62,0
DA:64,0
DA:65,0
DA:67,0
DA:68,0
DA:70,0
DA:71,0
DA:73,0
DA:74,0
DA:76,0
LF:39
LH:1
end_of_record
SF:lib/src/ui/ingredient/widget/ingredient_edit_bottom_sheet.dart
DA:13,1
DA:15,1
DA:17,1
DA:21,1
DA:23,1
DA:25,1
DA:27,1
DA:28,1
DA:29,1
DA:31,1
DA:36,1
DA:37,2
DA:38,1
DA:39,1
DA:40,1
DA:41,4
DA:43,1
DA:46,2
DA:47,1
DA:48,3
DA:49,4
DA:52,1
DA:53,7
DA:54,4
DA:60,1
DA:61,3
DA:62,1
DA:63,1
DA:66,1
DA:68,1
DA:69,1
DA:70,1
DA:71,1
DA:72,3
DA:73,3
DA:75,1
DA:76,3
DA:77,4
DA:81,1
DA:83,1
DA:85,4
DA:86,4
DA:94,1
DA:95,3
DA:96,1
DA:97,2
DA:98,1
DA:101,1
DA:103,1
DA:105,1
DA:106,1
DA:107,1
DA:108,1
DA:109,1
DA:111,4
DA:112,1
DA:114,0
DA:115,0
DA:117,0
DA:118,0
DA:119,0
DA:120,0
DA:123,1
DA:125,4
DA:128,1
DA:130,1
DA:131,1
DA:132,1
DA:133,1
DA:134,4
DA:135,1
DA:137,0
DA:138,0
DA:139,0
DA:140,0
DA:141,0
DA:142,0
DA:144,0
DA:149,1
DA:151,2
DA:152,1
DA:153,1
DA:154,1
LF:83
LH:70
end_of_record
SF:lib/src/ui/ingredient/widget/ingredient_expiration_date_chart.dart
DA:8,1
DA:13,1
DA:15,1
DA:16,5
DA:17,4
DA:18,1
DA:21,0
DA:22,0
DA:23,0
DA:24,0
DA:25,0
DA:26,0
DA:27,0
DA:34,0
LF:14
LH:6
end_of_record
SF:lib/src/ui/ingredient/widget/page_indicator.dart
DA:4,2
DA:15,2
DA:17,4
DA:19,2
DA:21,2
DA:23,2
DA:24,2
DA:27,2
DA:29,2
LF:9
LH:9
end_of_record
SF:lib/src/ui/recipe/view/recipe_stepper.dart
DA:5,1
DA:10,1
DA:12,1
DA:14,1
DA:17,1
DA:18,1
DA:19,1
DA:20,1
DA:21,1
DA:23,1
DA:25,1
DA:26,2
DA:27,3
DA:31,1
DA:34,1
DA:35,3
DA:36,1
DA:38,1
DA:40,1
DA:41,1
DA:44,1
DA:45,1
DA:46,1
DA:47,3
DA:48,1
DA:50,1
DA:52,3
DA:56,1
DA:61,1
DA:64,1
DA:65,1
DA:66,1
DA:67,1
DA:69,1
DA:71,3
DA:80,1
DA:82,1
DA:84,1
DA:86,3
LF:39
LH:39
end_of_record
SF:lib/src/ui/recipe/view/stepper_view.dart
DA:7,22
DA:9,1
DA:10,1
DA:16,0
DA:17,0
DA:18,0
DA:19,0
DA:23,1
DA:25,2
DA:26,5
DA:27,1
DA:30,1
DA:32,1
DA:34,1
DA:35,1
DA:36,1
DA:41,1
DA:42,1
DA:45,1
DA:46,1
DA:47,6
DA:49,1
DA:50,1
DA:52,1
LF:24
LH:20
end_of_record
SF:lib/src/ui/recipe/view/summary_view.dart
DA:5,22
DA:7,1
DA:8,1
DA:14,1
DA:16,5
DA:17,1
DA:18,1
DA:21,1
DA:22,1
DA:23,0
DA:24,1
DA:30,1
DA:31,1
DA:32,1
DA:36,4
DA:39,2
DA:40,2
DA:44,0
DA:45,0
DA:48,0
DA:49,0
DA:50,0
DA:54,1
DA:56,2
DA:57,1
DA:59,1
DA:62,1
DA:64,1
DA:65,1
DA:66,1
DA:67,1
DA:68,1
DA:70,1
DA:72,1
DA:73,1
DA:74,1
DA:75,1
DA:76,1
DA:82,2
DA:84,1
DA:86,4
DA:90,2
DA:92,1
DA:93,1
DA:95,1
DA:97,4
DA:100,1
DA:102,1
DA:103,1
DA:104,1
DA:107,1
DA:108,1
DA:110,1
DA:112,4
DA:114,4
DA:115,1
DA:116,1
DA:120,1
DA:123,1
DA:125,4
DA:133,2
DA:135,1
DA:136,1
DA:138,1
DA:139,1
DA:140,1
DA:142,4
DA:144,1
DA:145,1
DA:146,1
DA:151,2
DA:152,2
DA:155,1
DA:161,2
DA:163,1
DA:164,1
DA:166,1
DA:168,4
DA:171,1
DA:173,2
DA:174,1
DA:177,1
DA:178,1
DA:180,1
DA:182,1
DA:183,4
DA:185,4
DA:186,1
DA:187,1
DA:190,1
DA:194,1
DA:196,4
DA:198,1
DA:200,1
DA:203,1
DA:204,1
DA:206,1
DA:208,1
DA:210,4
DA:212,4
DA:213,1
DA:214,1
DA:217,1
DA:222,1
DA:224,4
LF:105
LH:99
end_of_record
SF:lib/src/ui/recipe/view/recipe_detail_view.dart
DA:4,22
DA:6,0
DA:7,0
DA:13,0
DA:15,0
DA:16,0
DA:17,0
DA:18,0
DA:19,0
DA:20,0
DA:21,0
DA:22,0
DA:23,0
DA:24,0
DA:25,0
DA:33,0
DA:34,0
DA:35,0
DA:36,0
DA:38,0
DA:39,0
DA:47,0
DA:49,0
DA:52,0
DA:53,0
DA:54,0
DA:55,0
DA:56,0
DA:59,0
DA:61,0
DA:63,0
DA:66,0
DA:67,0
DA:68,0
DA:70,0
DA:71,0
DA:73,0
DA:75,0
DA:78,0
DA:80,0
DA:84,0
DA:85,0
DA:86,0
DA:89,0
DA:91,0
DA:95,0
DA:97,0
DA:98,0
DA:99,0
DA:101,0
DA:105,0
DA:115,0
DA:116,0
DA:117,0
DA:119,0
DA:120,0
DA:121,0
DA:122,0
DA:125,0
DA:126,0
DA:127,0
DA:128,0
DA:134,0
DA:136,0
DA:138,0
DA:145,0
DA:146,0
DA:148,0
DA:150,0
DA:151,0
DA:152,0
DA:153,0
DA:154,0
DA:155,0
DA:157,0
DA:158,0
DA:159,0
DA:164,0
DA:166,0
DA:169,0
DA:171,0
DA:176,0
DA:178,0
DA:179,0
DA:180,0
DA:182,0
DA:184,0
DA:186,0
DA:188,0
DA:191,0
DA:193,0
DA:198,0
DA:201,0
DA:202,0
DA:203,0
DA:205,0
DA:207,0
DA:210,0
DA:212,0
DA:225,0
DA:226,0
DA:227,0
DA:229,0
DA:231,0
DA:232,0
DA:234,0
DA:237,0
DA:239,0
DA:241,0
DA:242,0
DA:243,0
DA:245,0
DA:247,0
DA:249,0
DA:250,0
DA:252,0
DA:254,0
DA:257,0
DA:260,0
DA:262,0
DA:263,0
DA:264,0
DA:267,0
DA:268,0
DA:269,0
DA:272,0
DA:275,0
DA:278,0
DA:280,0
DA:281,0
DA:289,0
DA:291,0
DA:293,0
DA:307,0
DA:308,0
DA:309,0
DA:311,0
DA:313,0
DA:315,0
DA:317,0
DA:319,0
DA:321,0
DA:322,0
DA:324,0
DA:326,0
DA:329,0
DA:331,0
DA:333,0
LF:148
LH:1
end_of_record
SF:lib/src/ui/user/view/my_info_view.dart
DA:6,22
DA:8,1
DA:10,1
DA:12,1
DA:13,1
DA:16,1
DA:18,1
DA:19,1
DA:20,1
DA:24,1
DA:33,2
DA:36,1
DA:37,2
DA:38,1
DA:40,3
DA:44,1
DA:48,2
DA:50,1
DA:59,2
DA:60,1
DA:62,3
DA:68,1
LF:22
LH:22
end_of_record
SF:lib/src/ui/user/widgets/profile_option_button.dart
DA:7,22
DA:10,1
DA:12,1
DA:14,1
DA:16,1
DA:17,1
DA:19,1
DA:20,1
DA:21,1
DA:22,1
DA:28,2
DA:30,1
DA:31,1
DA:36,3
DA:37,1
DA:38,1
DA:46,2
DA:47,2
DA:48,2
LF:19
LH:19
end_of_record
SF:lib/src/ui/user/widgets/user_info_edit_button.dart
DA:5,1
DA:7,1
DA:9,1
DA:11,1
DA:12,1
DA:13,1
DA:14,1
DA:16,3
LF:8
LH:8
end_of_record
